[2026-03-09 15:22:22,717][__main__][INFO] - Found GPU with device_name NVIDIA A100 80GB PCIe. Will run RFdiffusion on NVIDIA A100 80GB PCIe
[2026-03-09 15:22:22,717][rfdiffusion.inference.model_runners][INFO] - Reading checkpoint from /public/home/zhangyangroup/chengshiz/github/RFdiffusion_draw_protein_minimal/rfdiffusion/inference/../../models/Base_ckpt.pt
[2026-03-09 15:22:30,023][rfdiffusion.inference.model_runners][INFO] - Loading checkpoint.
[2026-03-09 15:22:32,758][rfdiffusion.diffusion][INFO] - Using cached IGSO3.
[2026-03-09 15:22:32,849][__main__][INFO] - Making design /public/home/zhangyangroup/chengshiz/github/RFdiffusion_draw_protein_minimal/runs/modatest/rfdiffusion/HHH_ems_00001-51_0
[2026-03-09 15:22:32,853][rfdiffusion.inference.model_runners][INFO] - Using contig: ['51-51']
[2026-03-09 15:22:32,867][rfdiffusion.inference.model_runners][INFO] - Sequence init: ---------------------------------------------------
[2026-03-09 15:22:34,113][rfdiffusion.inference.model_runners][INFO] - Timestep 50, input to next step: ---------------------------------------------------
[2026-03-09 15:22:34,551][rfdiffusion.inference.model_runners][INFO] - Timestep 49, input to next step: ---------------------------------------------------
[2026-03-09 15:22:34,986][rfdiffusion.inference.model_runners][INFO] - Timestep 48, input to next step: ---------------------------------------------------
[2026-03-09 15:22:35,419][rfdiffusion.inference.model_runners][INFO] - Timestep 47, input to next step: ---------------------------------------------------
[2026-03-09 15:22:35,853][rfdiffusion.inference.model_runners][INFO] - Timestep 46, input to next step: ---------------------------------------------------
[2026-03-09 15:22:36,287][rfdiffusion.inference.model_runners][INFO] - Timestep 45, input to next step: ---------------------------------------------------
[2026-03-09 15:22:36,719][rfdiffusion.inference.model_runners][INFO] - Timestep 44, input to next step: ---------------------------------------------------
[2026-03-09 15:22:37,152][rfdiffusion.inference.model_runners][INFO] - Timestep 43, input to next step: ---------------------------------------------------
[2026-03-09 15:22:37,585][rfdiffusion.inference.model_runners][INFO] - Timestep 42, input to next step: ---------------------------------------------------
[2026-03-09 15:22:38,018][rfdiffusion.inference.model_runners][INFO] - Timestep 41, input to next step: ---------------------------------------------------
[2026-03-09 15:22:38,450][rfdiffusion.inference.model_runners][INFO] - Timestep 40, input to next step: ---------------------------------------------------
[2026-03-09 15:22:38,882][rfdiffusion.inference.model_runners][INFO] - Timestep 39, input to next step: ---------------------------------------------------
[2026-03-09 15:22:39,312][rfdiffusion.inference.model_runners][INFO] - Timestep 38, input to next step: ---------------------------------------------------
[2026-03-09 15:22:39,744][rfdiffusion.inference.model_runners][INFO] - Timestep 37, input to next step: ---------------------------------------------------
[2026-03-09 15:22:40,177][rfdiffusion.inference.model_runners][INFO] - Timestep 36, input to next step: ---------------------------------------------------
[2026-03-09 15:22:40,609][rfdiffusion.inference.model_runners][INFO] - Timestep 35, input to next step: ---------------------------------------------------
[2026-03-09 15:22:41,039][rfdiffusion.inference.model_runners][INFO] - Timestep 34, input to next step: ---------------------------------------------------
[2026-03-09 15:22:41,486][rfdiffusion.inference.model_runners][INFO] - Timestep 33, input to next step: ---------------------------------------------------
[2026-03-09 15:22:41,999][rfdiffusion.inference.model_runners][INFO] - Timestep 32, input to next step: ---------------------------------------------------
[2026-03-09 15:22:42,430][rfdiffusion.inference.model_runners][INFO] - Timestep 31, input to next step: ---------------------------------------------------
[2026-03-09 15:22:42,860][rfdiffusion.inference.model_runners][INFO] - Timestep 30, input to next step: ---------------------------------------------------
[2026-03-09 15:22:43,290][rfdiffusion.inference.model_runners][INFO] - Timestep 29, input to next step: ---------------------------------------------------
[2026-03-09 15:22:43,720][rfdiffusion.inference.model_runners][INFO] - Timestep 28, input to next step: ---------------------------------------------------
[2026-03-09 15:22:44,147][rfdiffusion.inference.model_runners][INFO] - Timestep 27, input to next step: ---------------------------------------------------
[2026-03-09 15:22:44,573][rfdiffusion.inference.model_runners][INFO] - Timestep 26, input to next step: ---------------------------------------------------
[2026-03-09 15:22:45,001][rfdiffusion.inference.model_runners][INFO] - Timestep 25, input to next step: ---------------------------------------------------
[2026-03-09 15:22:45,427][rfdiffusion.inference.model_runners][INFO] - Timestep 24, input to next step: ---------------------------------------------------
[2026-03-09 15:22:45,853][rfdiffusion.inference.model_runners][INFO] - Timestep 23, input to next step: ---------------------------------------------------
[2026-03-09 15:22:46,277][rfdiffusion.inference.model_runners][INFO] - Timestep 22, input to next step: ---------------------------------------------------
[2026-03-09 15:22:46,702][rfdiffusion.inference.model_runners][INFO] - Timestep 21, input to next step: ---------------------------------------------------
[2026-03-09 15:22:47,126][rfdiffusion.inference.model_runners][INFO] - Timestep 20, input to next step: ---------------------------------------------------
[2026-03-09 15:22:47,550][rfdiffusion.inference.model_runners][INFO] - Timestep 19, input to next step: ---------------------------------------------------
[2026-03-09 15:22:47,975][rfdiffusion.inference.model_runners][INFO] - Timestep 18, input to next step: ---------------------------------------------------
[2026-03-09 15:22:48,398][rfdiffusion.inference.model_runners][INFO] - Timestep 17, input to next step: ---------------------------------------------------
[2026-03-09 15:22:48,823][rfdiffusion.inference.model_runners][INFO] - Timestep 16, input to next step: ---------------------------------------------------
[2026-03-09 15:22:49,248][rfdiffusion.inference.model_runners][INFO] - Timestep 15, input to next step: ---------------------------------------------------
[2026-03-09 15:22:49,673][rfdiffusion.inference.model_runners][INFO] - Timestep 14, input to next step: ---------------------------------------------------
[2026-03-09 15:22:50,097][rfdiffusion.inference.model_runners][INFO] - Timestep 13, input to next step: ---------------------------------------------------
[2026-03-09 15:22:50,521][rfdiffusion.inference.model_runners][INFO] - Timestep 12, input to next step: ---------------------------------------------------
[2026-03-09 15:22:50,946][rfdiffusion.inference.model_runners][INFO] - Timestep 11, input to next step: ---------------------------------------------------
[2026-03-09 15:22:51,371][rfdiffusion.inference.model_runners][INFO] - Timestep 10, input to next step: ---------------------------------------------------
[2026-03-09 15:22:51,795][rfdiffusion.inference.model_runners][INFO] - Timestep 9, input to next step: ---------------------------------------------------
[2026-03-09 15:22:52,247][rfdiffusion.inference.model_runners][INFO] - Timestep 8, input to next step: ---------------------------------------------------
[2026-03-09 15:22:52,672][rfdiffusion.inference.model_runners][INFO] - Timestep 7, input to next step: ---------------------------------------------------
[2026-03-09 15:22:53,096][rfdiffusion.inference.model_runners][INFO] - Timestep 6, input to next step: ---------------------------------------------------
[2026-03-09 15:22:53,520][rfdiffusion.inference.model_runners][INFO] - Timestep 5, input to next step: ---------------------------------------------------
[2026-03-09 15:22:53,944][rfdiffusion.inference.model_runners][INFO] - Timestep 4, input to next step: ---------------------------------------------------
[2026-03-09 15:22:54,368][rfdiffusion.inference.model_runners][INFO] - Timestep 3, input to next step: ---------------------------------------------------
[2026-03-09 15:22:54,793][rfdiffusion.inference.model_runners][INFO] - Timestep 2, input to next step: ---------------------------------------------------
[2026-03-09 15:22:55,680][__main__][INFO] - Finished design in 0.38 minutes
