[2026-03-09 15:35:15,798][__main__][INFO] - Found GPU with device_name NVIDIA A100 80GB PCIe. Will run RFdiffusion on NVIDIA A100 80GB PCIe
[2026-03-09 15:35:15,798][rfdiffusion.inference.model_runners][INFO] - Reading checkpoint from /public/home/zhangyangroup/chengshiz/github/RFdiffusion_draw_protein_minimal/rfdiffusion/inference/../../models/Base_ckpt.pt
[2026-03-09 15:35:22,296][rfdiffusion.inference.model_runners][INFO] - Loading checkpoint.
[2026-03-09 15:35:24,988][rfdiffusion.diffusion][INFO] - Using cached IGSO3.
[2026-03-09 15:35:25,008][__main__][INFO] - Making design /public/home/zhangyangroup/chengshiz/github/RFdiffusion_draw_protein_minimal/runs/modatest/rfdiffusion/HHH_ems_00050-51_0
[2026-03-09 15:35:25,013][rfdiffusion.inference.model_runners][INFO] - Using contig: ['51-51']
[2026-03-09 15:35:25,026][rfdiffusion.inference.model_runners][INFO] - Sequence init: ---------------------------------------------------
[2026-03-09 15:35:26,272][rfdiffusion.inference.model_runners][INFO] - Timestep 50, input to next step: ---------------------------------------------------
[2026-03-09 15:35:26,706][rfdiffusion.inference.model_runners][INFO] - Timestep 49, input to next step: ---------------------------------------------------
[2026-03-09 15:35:27,137][rfdiffusion.inference.model_runners][INFO] - Timestep 48, input to next step: ---------------------------------------------------
[2026-03-09 15:35:27,568][rfdiffusion.inference.model_runners][INFO] - Timestep 47, input to next step: ---------------------------------------------------
[2026-03-09 15:35:27,999][rfdiffusion.inference.model_runners][INFO] - Timestep 46, input to next step: ---------------------------------------------------
[2026-03-09 15:35:28,427][rfdiffusion.inference.model_runners][INFO] - Timestep 45, input to next step: ---------------------------------------------------
[2026-03-09 15:35:28,856][rfdiffusion.inference.model_runners][INFO] - Timestep 44, input to next step: ---------------------------------------------------
[2026-03-09 15:35:29,284][rfdiffusion.inference.model_runners][INFO] - Timestep 43, input to next step: ---------------------------------------------------
[2026-03-09 15:35:29,711][rfdiffusion.inference.model_runners][INFO] - Timestep 42, input to next step: ---------------------------------------------------
[2026-03-09 15:35:30,138][rfdiffusion.inference.model_runners][INFO] - Timestep 41, input to next step: ---------------------------------------------------
[2026-03-09 15:35:30,566][rfdiffusion.inference.model_runners][INFO] - Timestep 40, input to next step: ---------------------------------------------------
[2026-03-09 15:35:30,994][rfdiffusion.inference.model_runners][INFO] - Timestep 39, input to next step: ---------------------------------------------------
[2026-03-09 15:35:31,421][rfdiffusion.inference.model_runners][INFO] - Timestep 38, input to next step: ---------------------------------------------------
[2026-03-09 15:35:31,850][rfdiffusion.inference.model_runners][INFO] - Timestep 37, input to next step: ---------------------------------------------------
[2026-03-09 15:35:32,280][rfdiffusion.inference.model_runners][INFO] - Timestep 36, input to next step: ---------------------------------------------------
[2026-03-09 15:35:32,751][rfdiffusion.inference.model_runners][INFO] - Timestep 35, input to next step: ---------------------------------------------------
[2026-03-09 15:35:33,180][rfdiffusion.inference.model_runners][INFO] - Timestep 34, input to next step: ---------------------------------------------------
[2026-03-09 15:35:33,609][rfdiffusion.inference.model_runners][INFO] - Timestep 33, input to next step: ---------------------------------------------------
[2026-03-09 15:35:34,036][rfdiffusion.inference.model_runners][INFO] - Timestep 32, input to next step: ---------------------------------------------------
[2026-03-09 15:35:34,464][rfdiffusion.inference.model_runners][INFO] - Timestep 31, input to next step: ---------------------------------------------------
[2026-03-09 15:35:34,891][rfdiffusion.inference.model_runners][INFO] - Timestep 30, input to next step: ---------------------------------------------------
[2026-03-09 15:35:35,319][rfdiffusion.inference.model_runners][INFO] - Timestep 29, input to next step: ---------------------------------------------------
[2026-03-09 15:35:35,746][rfdiffusion.inference.model_runners][INFO] - Timestep 28, input to next step: ---------------------------------------------------
[2026-03-09 15:35:36,174][rfdiffusion.inference.model_runners][INFO] - Timestep 27, input to next step: ---------------------------------------------------
[2026-03-09 15:35:36,602][rfdiffusion.inference.model_runners][INFO] - Timestep 26, input to next step: ---------------------------------------------------
[2026-03-09 15:35:37,029][rfdiffusion.inference.model_runners][INFO] - Timestep 25, input to next step: ---------------------------------------------------
[2026-03-09 15:35:37,456][rfdiffusion.inference.model_runners][INFO] - Timestep 24, input to next step: ---------------------------------------------------
[2026-03-09 15:35:37,882][rfdiffusion.inference.model_runners][INFO] - Timestep 23, input to next step: ---------------------------------------------------
[2026-03-09 15:35:38,310][rfdiffusion.inference.model_runners][INFO] - Timestep 22, input to next step: ---------------------------------------------------
[2026-03-09 15:35:38,737][rfdiffusion.inference.model_runners][INFO] - Timestep 21, input to next step: ---------------------------------------------------
[2026-03-09 15:35:39,163][rfdiffusion.inference.model_runners][INFO] - Timestep 20, input to next step: ---------------------------------------------------
[2026-03-09 15:35:39,589][rfdiffusion.inference.model_runners][INFO] - Timestep 19, input to next step: ---------------------------------------------------
[2026-03-09 15:35:40,015][rfdiffusion.inference.model_runners][INFO] - Timestep 18, input to next step: ---------------------------------------------------
[2026-03-09 15:35:40,441][rfdiffusion.inference.model_runners][INFO] - Timestep 17, input to next step: ---------------------------------------------------
[2026-03-09 15:35:40,866][rfdiffusion.inference.model_runners][INFO] - Timestep 16, input to next step: ---------------------------------------------------
[2026-03-09 15:35:41,292][rfdiffusion.inference.model_runners][INFO] - Timestep 15, input to next step: ---------------------------------------------------
[2026-03-09 15:35:41,719][rfdiffusion.inference.model_runners][INFO] - Timestep 14, input to next step: ---------------------------------------------------
[2026-03-09 15:35:42,145][rfdiffusion.inference.model_runners][INFO] - Timestep 13, input to next step: ---------------------------------------------------
[2026-03-09 15:35:42,571][rfdiffusion.inference.model_runners][INFO] - Timestep 12, input to next step: ---------------------------------------------------
[2026-03-09 15:35:42,997][rfdiffusion.inference.model_runners][INFO] - Timestep 11, input to next step: ---------------------------------------------------
[2026-03-09 15:35:43,424][rfdiffusion.inference.model_runners][INFO] - Timestep 10, input to next step: ---------------------------------------------------
[2026-03-09 15:35:43,852][rfdiffusion.inference.model_runners][INFO] - Timestep 9, input to next step: ---------------------------------------------------
[2026-03-09 15:35:44,279][rfdiffusion.inference.model_runners][INFO] - Timestep 8, input to next step: ---------------------------------------------------
[2026-03-09 15:35:44,706][rfdiffusion.inference.model_runners][INFO] - Timestep 7, input to next step: ---------------------------------------------------
[2026-03-09 15:35:45,131][rfdiffusion.inference.model_runners][INFO] - Timestep 6, input to next step: ---------------------------------------------------
[2026-03-09 15:35:45,557][rfdiffusion.inference.model_runners][INFO] - Timestep 5, input to next step: ---------------------------------------------------
[2026-03-09 15:35:45,983][rfdiffusion.inference.model_runners][INFO] - Timestep 4, input to next step: ---------------------------------------------------
[2026-03-09 15:35:46,408][rfdiffusion.inference.model_runners][INFO] - Timestep 3, input to next step: ---------------------------------------------------
[2026-03-09 15:35:46,833][rfdiffusion.inference.model_runners][INFO] - Timestep 2, input to next step: ---------------------------------------------------
[2026-03-09 15:35:47,728][__main__][INFO] - Finished design in 0.38 minutes
