[2026-03-09 15:17:19,494][__main__][INFO] - ////////////////////////////////////////////////
[2026-03-09 15:17:19,494][__main__][INFO] - ///// NO GPU DETECTED! Falling back to CPU /////
[2026-03-09 15:17:19,494][__main__][INFO] - ////////////////////////////////////////////////
[2026-03-09 15:17:19,495][rfdiffusion.inference.model_runners][INFO] - Reading checkpoint from /public/home/zhangyangroup/chengshiz/github/RFdiffusion_draw_protein_minimal/rfdiffusion/inference/../../models/Base_ckpt.pt
[2026-03-09 15:17:22,955][rfdiffusion.inference.model_runners][INFO] - Loading checkpoint.
[2026-03-09 15:17:25,737][rfdiffusion.diffusion][INFO] - Using cached IGSO3.
[2026-03-09 15:17:25,981][__main__][INFO] - Making design /public/home/zhangyangroup/chengshiz/github/RFdiffusion_draw_protein_minimal/runs/modatest/rfdiffusion/HHH_ems_00001-51_0
[2026-03-09 15:17:25,987][rfdiffusion.inference.model_runners][INFO] - Using contig: ['51-51']
[2026-03-09 15:17:26,011][rfdiffusion.inference.model_runners][INFO] - Sequence init: ---------------------------------------------------
[2026-03-09 15:17:28,732][rfdiffusion.inference.model_runners][INFO] - Timestep 50, input to next step: ---------------------------------------------------
[2026-03-09 15:17:30,881][rfdiffusion.inference.model_runners][INFO] - Timestep 49, input to next step: ---------------------------------------------------
[2026-03-09 15:17:33,325][rfdiffusion.inference.model_runners][INFO] - Timestep 48, input to next step: ---------------------------------------------------
[2026-03-09 15:17:36,055][rfdiffusion.inference.model_runners][INFO] - Timestep 47, input to next step: ---------------------------------------------------
[2026-03-09 15:17:38,296][rfdiffusion.inference.model_runners][INFO] - Timestep 46, input to next step: ---------------------------------------------------
[2026-03-09 15:17:42,068][rfdiffusion.inference.model_runners][INFO] - Timestep 45, input to next step: ---------------------------------------------------
[2026-03-09 15:17:44,341][rfdiffusion.inference.model_runners][INFO] - Timestep 44, input to next step: ---------------------------------------------------
[2026-03-09 15:17:46,041][rfdiffusion.inference.model_runners][INFO] - Timestep 43, input to next step: ---------------------------------------------------
[2026-03-09 15:17:48,627][rfdiffusion.inference.model_runners][INFO] - Timestep 42, input to next step: ---------------------------------------------------
[2026-03-09 15:17:50,726][rfdiffusion.inference.model_runners][INFO] - Timestep 41, input to next step: ---------------------------------------------------
[2026-03-09 15:17:52,595][rfdiffusion.inference.model_runners][INFO] - Timestep 40, input to next step: ---------------------------------------------------
[2026-03-09 15:17:54,524][rfdiffusion.inference.model_runners][INFO] - Timestep 39, input to next step: ---------------------------------------------------
[2026-03-09 15:17:56,711][rfdiffusion.inference.model_runners][INFO] - Timestep 38, input to next step: ---------------------------------------------------
[2026-03-09 15:17:58,850][rfdiffusion.inference.model_runners][INFO] - Timestep 37, input to next step: ---------------------------------------------------
[2026-03-09 15:18:00,365][rfdiffusion.inference.model_runners][INFO] - Timestep 36, input to next step: ---------------------------------------------------
[2026-03-09 15:18:03,991][rfdiffusion.inference.model_runners][INFO] - Timestep 35, input to next step: ---------------------------------------------------
[2026-03-09 15:18:06,051][rfdiffusion.inference.model_runners][INFO] - Timestep 34, input to next step: ---------------------------------------------------
[2026-03-09 15:18:08,827][rfdiffusion.inference.model_runners][INFO] - Timestep 33, input to next step: ---------------------------------------------------
[2026-03-09 15:18:11,173][rfdiffusion.inference.model_runners][INFO] - Timestep 32, input to next step: ---------------------------------------------------
[2026-03-09 15:18:13,060][rfdiffusion.inference.model_runners][INFO] - Timestep 31, input to next step: ---------------------------------------------------
[2026-03-09 15:18:14,988][rfdiffusion.inference.model_runners][INFO] - Timestep 30, input to next step: ---------------------------------------------------
[2026-03-09 15:18:16,783][rfdiffusion.inference.model_runners][INFO] - Timestep 29, input to next step: ---------------------------------------------------
[2026-03-09 15:18:19,301][rfdiffusion.inference.model_runners][INFO] - Timestep 28, input to next step: ---------------------------------------------------
[2026-03-09 15:18:20,962][rfdiffusion.inference.model_runners][INFO] - Timestep 27, input to next step: ---------------------------------------------------
[2026-03-09 15:18:22,847][rfdiffusion.inference.model_runners][INFO] - Timestep 26, input to next step: ---------------------------------------------------
[2026-03-09 15:18:25,796][rfdiffusion.inference.model_runners][INFO] - Timestep 25, input to next step: ---------------------------------------------------
[2026-03-09 15:18:28,534][rfdiffusion.inference.model_runners][INFO] - Timestep 24, input to next step: ---------------------------------------------------
[2026-03-09 15:18:30,611][rfdiffusion.inference.model_runners][INFO] - Timestep 23, input to next step: ---------------------------------------------------
[2026-03-09 15:18:35,327][rfdiffusion.inference.model_runners][INFO] - Timestep 22, input to next step: ---------------------------------------------------
[2026-03-09 15:18:37,039][rfdiffusion.inference.model_runners][INFO] - Timestep 21, input to next step: ---------------------------------------------------
[2026-03-09 15:18:39,201][rfdiffusion.inference.model_runners][INFO] - Timestep 20, input to next step: ---------------------------------------------------
[2026-03-09 15:18:41,600][rfdiffusion.inference.model_runners][INFO] - Timestep 19, input to next step: ---------------------------------------------------
[2026-03-09 15:18:43,385][rfdiffusion.inference.model_runners][INFO] - Timestep 18, input to next step: ---------------------------------------------------
[2026-03-09 15:18:45,336][rfdiffusion.inference.model_runners][INFO] - Timestep 17, input to next step: ---------------------------------------------------
[2026-03-09 15:18:46,976][rfdiffusion.inference.model_runners][INFO] - Timestep 16, input to next step: ---------------------------------------------------
[2026-03-09 15:18:49,313][rfdiffusion.inference.model_runners][INFO] - Timestep 15, input to next step: ---------------------------------------------------
[2026-03-09 15:18:51,541][rfdiffusion.inference.model_runners][INFO] - Timestep 14, input to next step: ---------------------------------------------------
[2026-03-09 15:18:53,395][rfdiffusion.inference.model_runners][INFO] - Timestep 13, input to next step: ---------------------------------------------------
[2026-03-09 15:18:55,158][rfdiffusion.inference.model_runners][INFO] - Timestep 12, input to next step: ---------------------------------------------------
[2026-03-09 15:18:57,118][rfdiffusion.inference.model_runners][INFO] - Timestep 11, input to next step: ---------------------------------------------------
[2026-03-09 15:18:58,861][rfdiffusion.inference.model_runners][INFO] - Timestep 10, input to next step: ---------------------------------------------------
[2026-03-09 15:19:01,595][rfdiffusion.inference.model_runners][INFO] - Timestep 9, input to next step: ---------------------------------------------------
[2026-03-09 15:19:04,258][rfdiffusion.inference.model_runners][INFO] - Timestep 8, input to next step: ---------------------------------------------------
[2026-03-09 15:19:07,437][rfdiffusion.inference.model_runners][INFO] - Timestep 7, input to next step: ---------------------------------------------------
[2026-03-09 15:19:09,590][rfdiffusion.inference.model_runners][INFO] - Timestep 6, input to next step: ---------------------------------------------------
[2026-03-09 15:19:12,112][rfdiffusion.inference.model_runners][INFO] - Timestep 5, input to next step: ---------------------------------------------------
[2026-03-09 15:19:13,802][rfdiffusion.inference.model_runners][INFO] - Timestep 4, input to next step: ---------------------------------------------------
[2026-03-09 15:19:16,210][rfdiffusion.inference.model_runners][INFO] - Timestep 3, input to next step: ---------------------------------------------------
[2026-03-09 15:19:18,240][rfdiffusion.inference.model_runners][INFO] - Timestep 2, input to next step: ---------------------------------------------------
[2026-03-09 15:19:20,386][__main__][INFO] - Finished design in 1.91 minutes
